<?xml version="1.0" encoding="UTF-8"?>
<testng-results skipped="0" failed="0" ignored="0" total="1" passed="1">
  <reporter-output>
  </reporter-output>
  <suite name="Default suite" duration-ms="18822" started-at="2019-08-02T11:01:10Z" finished-at="2019-08-02T11:01:29Z">
    <groups>
    </groups>
    <test name="Default test" duration-ms="18822" started-at="2019-08-02T11:01:10Z" finished-at="2019-08-02T11:01:29Z">
      <class name="com.training.sanity.tests.testcase2">
        <test-method status="PASS" signature="setUpBeforeClass()[pri:0, instance:com.training.sanity.tests.testcase2@3e6fa38a]" name="setUpBeforeClass" is-config="true" duration-ms="20" started-at="2019-08-02T11:01:10Z" finished-at="2019-08-02T11:01:10Z">
          <reporter-output>
          </reporter-output>
        </test-method> <!-- setUpBeforeClass -->
        <test-method status="PASS" signature="setUp()[pri:0, instance:com.training.sanity.tests.testcase2@3e6fa38a]" name="setUp" is-config="true" duration-ms="10975" started-at="2019-08-02T11:01:10Z" finished-at="2019-08-02T11:01:21Z">
          <reporter-output>
          </reporter-output>
        </test-method> <!-- setUp -->
        <test-method status="PASS" signature="registerid()[pri:0, instance:com.training.sanity.tests.testcase2@3e6fa38a]" name="registerid" duration-ms="5599" started-at="2019-08-02T11:01:21Z" finished-at="2019-08-02T11:01:27Z">
          <reporter-output>
          </reporter-output>
        </test-method> <!-- registerid -->
        <test-method status="PASS" signature="tearDown()[pri:0, instance:com.training.sanity.tests.testcase2@3e6fa38a]" name="tearDown" is-config="true" duration-ms="2181" started-at="2019-08-02T11:01:27Z" finished-at="2019-08-02T11:01:29Z">
          <reporter-output>
          </reporter-output>
        </test-method> <!-- tearDown -->
      </class> <!-- com.training.sanity.tests.testcase2 -->
    </test> <!-- Default test -->
  </suite> <!-- Default suite -->
</testng-results>
